  [1m[35m (1400.8ms)[0m  [1m[35mCREATE DATABASE "action_mailer_development" ENCODING = 'unicode'[0m
  ↳ bin/rails:9
  [1m[35m (916.5ms)[0m  [1m[35mCREATE DATABASE "action_mailer_test" ENCODING = 'unicode'[0m
  ↳ bin/rails:9
  [1m[35m (163.8ms)[0m  [1m[35mCREATE TABLE "schema_migrations" ("version" character varying NOT NULL PRIMARY KEY)[0m
  ↳ bin/rails:9
  [1m[35m (102.2ms)[0m  [1m[35mCREATE TABLE "ar_internal_metadata" ("key" character varying NOT NULL PRIMARY KEY, "value" character varying, "created_at" timestamp NOT NULL, "updated_at" timestamp NOT NULL)[0m
  ↳ bin/rails:9
  [1m[35m (0.8ms)[0m  [1m[34mSELECT pg_try_advisory_lock(1008739788063008085)[0m
  ↳ bin/rails:9
  [1m[35m (2.3ms)[0m  [1m[34mSELECT "schema_migrations"."version" FROM "schema_migrations" ORDER BY "schema_migrations"."version" ASC[0m
  ↳ bin/rails:9
Migrating to CreateUsers (20190518142438)
  [1m[35m (0.3ms)[0m  [1m[35mBEGIN[0m
  ↳ bin/rails:9
  [1m[35m (92.7ms)[0m  [1m[35mCREATE TABLE "users" ("id" bigserial primary key, "name" character varying, "email" character varying, "created_at" timestamp NOT NULL, "updated_at" timestamp NOT NULL)[0m
  ↳ db/migrate/20190518142438_create_users.rb:3
  [1m[36mActiveRecord::SchemaMigration Create (1.8ms)[0m  [1m[32mINSERT INTO "schema_migrations" ("version") VALUES ($1) RETURNING "version"[0m  [["version", "20190518142438"]]
  ↳ bin/rails:9
  [1m[35m (14.7ms)[0m  [1m[35mCOMMIT[0m
  ↳ bin/rails:9
  [1m[36mActiveRecord::InternalMetadata Load (1.3ms)[0m  [1m[34mSELECT  "ar_internal_metadata".* FROM "ar_internal_metadata" WHERE "ar_internal_metadata"."key" = $1 LIMIT $2[0m  [["key", "environment"], ["LIMIT", 1]]
  ↳ bin/rails:9
  [1m[35m (0.4ms)[0m  [1m[35mBEGIN[0m
  ↳ bin/rails:9
  [1m[36mActiveRecord::InternalMetadata Create (19.3ms)[0m  [1m[32mINSERT INTO "ar_internal_metadata" ("key", "value", "created_at", "updated_at") VALUES ($1, $2, $3, $4) RETURNING "key"[0m  [["key", "environment"], ["value", "development"], ["created_at", "2019-05-18 14:25:25.118867"], ["updated_at", "2019-05-18 14:25:25.118867"]]
  ↳ bin/rails:9
  [1m[35m (49.0ms)[0m  [1m[35mCOMMIT[0m
  ↳ bin/rails:9
  [1m[35m (0.9ms)[0m  [1m[34mSELECT pg_advisory_unlock(1008739788063008085)[0m
  ↳ bin/rails:9
  [1m[35m (1.0ms)[0m  [1m[34mSELECT "schema_migrations"."version" FROM "schema_migrations" ORDER BY "schema_migrations"."version" ASC[0m
  ↳ bin/rails:9
  [1m[36mUser Load (0.8ms)[0m  [1m[34mSELECT  "users".* FROM "users" LIMIT $1[0m  [["LIMIT", 11]]
  [1m[35m (0.3ms)[0m  [1m[35mBEGIN[0m
  [1m[36mUser Create (1.5ms)[0m  [1m[32mINSERT INTO "users" ("name", "email", "created_at", "updated_at") VALUES ($1, $2, $3, $4) RETURNING "id"[0m  [["name", "reas"], ["email", "reas@yo.com"], ["created_at", "2019-05-18 14:31:51.069028"], ["updated_at", "2019-05-18 14:31:51.069028"]]
  Rendering user_mailer/welcome_email.html.erb within layouts/mailer
  Rendered user_mailer/welcome_email.html.erb within layouts/mailer (18.6ms)
  Rendering user_mailer/welcome_email.text.erb within layouts/mailer
  Rendered user_mailer/welcome_email.text.erb within layouts/mailer (2.0ms)
UserMailer#welcome_email: processed outbound mail in 640.2ms
Sent mail to reas@yo.com (446.1ms)
Date: Sat, 18 May 2019 16:31:52 +0200
From: no-reply@monsite.fr
To: reas@yo.com
Message-ID: <5ce01758a4afe_7d442b18064005bc55722@reas.mail>
Subject: Bienvenue chez nous!
Mime-Version: 1.0
Content-Type: multipart/alternative;
 boundary="--==_mimepart_5ce01758a0099_7d442b18064005bc5566d";
 charset=UTF-8
Content-Transfer-Encoding: 7bit


----==_mimepart_5ce01758a0099_7d442b18064005bc5566d
Content-Type: text/plain;
 charset=UTF-8
Content-Transfer-Encoding: base64

U2FsdXQgcmVhcyBldCBiaWVudmVudWUgY2hleiBub3VzICENCj09PT09PT09
PT09PT09PT09PT09PT09PT09PT09PT09PT09PT09PT09PT09PT09PT09PT09
PT09PT0NCg0KVHUgdCdlcyBpbnNjcml0IHN1ciBtb25zaXRlLmZyIGVuIHV0
aWxpc2FudCBsJ2UtbWFpbCBzdWl2YW50IDogcmVhc0B5by5jb20uDQoNClBv
dXIgYWNjw6lkZXIgw6AgdG9uIGVzcGFjZSBjbGllbnQsIGNvbm5lY3RlLXRv
aSB2aWEgOiBodHRwOi8vbW9uc2l0ZS5mci9sb2dpbi4NCg0Kw4AgdHLDqHMg
dml0ZSBzdXIgbW9uc2l0ZS5mciAhDQoNCg==

----==_mimepart_5ce01758a0099_7d442b18064005bc5566d
Content-Type: text/html;
 charset=UTF-8
Content-Transfer-Encoding: quoted-printable

<!DOCTYPE html>=0D
<html>=0D
  <head>=0D
    <meta http-equiv=3D"Content-Type" content=3D"text/html; charset=3Dutf=
-8" />=0D
    <style>=0D
      /* Email styles need to be inline */=0D
    </style>=0D
  </head>=0D
=0D
  <body>=0D
    <!DOCTYPE html>=0D
<html lang=3D"en" dir=3D"ltr">=0D
  <head>=0D
    <meta  content=3D'text/html;charset=3D"utf-8' http-equiv=3D'Content-T=
ype'>=0D
    <title></title>=0D
  </head>=0D
  <body>=0D
    <h1>Salut reas et bienvenue chez nous !</h1>=0D
    <p>Tu es inscrit sur monsite.fr en utilisant l'e-mail suivant : reas@=
yo.com</p>=0D
    <p>Pour acceder =C3=A0 ton espace clien, connecte-toi sur : http://mo=
nsite.fr/login</p>=0D
    <p>A tr=C3=A8s vite sur monsite.fr</p>=0D
  </body>=0D
</html>=0D
=0D
  </body>=0D
</html>=0D

----==_mimepart_5ce01758a0099_7d442b18064005bc5566d--

  [1m[35m (46.8ms)[0m  [1m[35mCOMMIT[0m
